<?xml version="1.0" encoding="utf-8"?><testsuites name="pytest tests"><testsuite name="pytest" errors="0" failures="0" skipped="0" tests="29" time="3.921" timestamp="2026-03-30T09:47:07.442403+00:00" hostname="agent-env-ba5380b1-cba4-4bc8-b1fb-ffb073a7b965"><testcase classname="tests.test_multiplayer_api.TestHealthEndpoints" name="test_api_root" time="0.181" /><testcase classname="tests.test_multiplayer_api.TestHealthEndpoints" name="test_health_check" time="0.106" /><testcase classname="tests.test_multiplayer_api.TestUserProfiles" name="test_create_profile" time="0.101" /><testcase classname="tests.test_multiplayer_api.TestUserProfiles" name="test_get_existing_profile" time="0.092" /><testcase classname="tests.test_multiplayer_api.TestUserProfiles" name="test_get_profile_by_id" time="0.107" /><testcase classname="tests.test_multiplayer_api.TestUserProfiles" name="test_get_nonexistent_profile" time="0.100" /><testcase classname="tests.test_multiplayer_api.TestUserProfiles" name="test_sync_profile" time="0.106" /><testcase classname="tests.test_multiplayer_api.TestUserProfiles" name="test_verify_sync_persistence" time="0.107" /><testcase classname="tests.test_multiplayer_api.TestCoinsEndpoint" name="test_add_coins" time="0.190" /><testcase classname="tests.test_multiplayer_api.TestCoinsEndpoint" name="test_add_coins_nonexistent_user" time="0.112" /><testcase classname="tests.test_multiplayer_api.TestPowerUps" name="test_update_powerup" time="0.111" /><testcase classname="tests.test_multiplayer_api.TestGameResults" name="test_get_game_results_empty" time="0.091" /><testcase classname="tests.test_multiplayer_api.TestGameResults" name="test_get_game_results_nonexistent_user" time="0.115" /><testcase classname="tests.test_multiplayer_api.TestQuickMatch" name="test_quick_match_status" time="0.119" /><testcase classname="tests.test_multiplayer_api.TestRooms" name="test_get_rooms_list" time="0.107" /><testcase classname="tests.test_multiplayer_api.TestRooms" name="test_create_room" time="0.101" /><testcase classname="tests.test_multiplayer_api.TestRooms" name="test_verify_room_in_list" time="0.104" /><testcase classname="tests.test_multiplayer_api.TestRooms" name="test_join_room" time="0.225" /><testcase classname="tests.test_multiplayer_api.TestRooms" name="test_join_nonexistent_room" time="0.126" /><testcase classname="tests.test_multiplayer_api.TestRooms" name="test_create_private_room" time="0.101" /><testcase classname="tests.test_multiplayer_api.TestRooms" name="test_join_private_room_wrong_password" time="0.221" /><testcase classname="tests.test_multiplayer_api.TestRooms" name="test_delete_room" time="0.104" /><testcase classname="tests.test_multiplayer_api.TestLeaderboard" name="test_get_leaderboard_by_level" time="0.105" /><testcase classname="tests.test_multiplayer_api.TestLeaderboard" name="test_get_leaderboard_by_score" time="0.130" /><testcase classname="tests.test_multiplayer_api.TestScoreSubmission" name="test_submit_score" time="0.106" /><testcase classname="tests.test_multiplayer_api.TestScoreSubmission" name="test_verify_high_score_updated" time="0.095" /><testcase classname="tests.test_multiplayer_api.TestLegacyUserEndpoints" name="test_create_legacy_user" time="0.110" /><testcase classname="tests.test_multiplayer_api.TestLegacyUserEndpoints" name="test_get_legacy_user" time="0.238" /><testcase classname="tests.test_multiplayer_api.TestCleanup" name="test_cleanup_test_rooms" time="0.322" /></testsuite></testsuites>